app/build/intermediates/proguard-rules/release/aapt_rules.txt
# view res/layout/review_selection.xml #generated:26
-keep class android.support.v4.view.ViewPager { <init>(...); }

# view AndroidManifest.xml #generated:21
-keep class com.vikram.root.multipleimageselector.AlbumContents { <init>(...); }

# view AndroidManifest.xml #generated:29
-keep class com.vikram.root.multipleimageselector.MainActivity { <init>(...); }

# view AndroidManifest.xml #generated:15
-keep class com.vikram.root.multipleimageselector.MyApplication { <init>(...); }

# view AndroidManifest.xml #generated:33
-keep class com.vikram.root.multipleimageselector.PhotoUploadActivty { <init>(...); }

# view AndroidManifest.xml #generated:25
-keep class com.vikram.root.multipleimageselector.ReviewSelection { <init>(...); }