app/build/outputs/mapping/release/seeds.txt
com.vikram.root.multipleimageselector.MyApplication
com.vikram.root.multipleimageselector.MyApplication: MyApplication()
com.vikram.root.multipleimageselector.PhotoUploadActivty
com.vikram.root.multipleimageselector.PhotoUploadActivty: PhotoUploadActivty()
com.vikram.root.multipleimageselector.PhotoUploadActivty: void onClick(android.view.View)
com.vikram.root.multipleimageselector.R$anim: int fade_in
com.vikram.root.multipleimageselector.R$color: int hint_color
com.vikram.root.multipleimageselector.R$color: int refine_divider
com.vikram.root.multipleimageselector.R$color: int search_page_res_buy_cardtitle_textcolor
com.vikram.root.multipleimageselector.R$color: int searchform_title_textcolor
com.vikram.root.multipleimageselector.R$color: int white
com.vikram.root.multipleimageselector.R$dimen: int activity_horizontal_margin
com.vikram.root.multipleimageselector.R$dimen: int activity_vertical_margin
com.vikram.root.multipleimageselector.R$drawable: int gradient_background
com.vikram.root.multipleimageselector.R$drawable: int grid_cell_mask
com.vikram.root.multipleimageselector.R$drawable: int ic_action_back
com.vikram.root.multipleimageselector.R$drawable: int list_selector
com.vikram.root.multipleimageselector.R$drawable: int ppf_header_border_image
com.vikram.root.multipleimageselector.R$drawable: int review_thumbnail_selected_border
com.vikram.root.multipleimageselector.R$drawable: int selector_bgred_stroke_black
com.vikram.root.multipleimageselector.R$drawable: int text_border_bottom_light
com.vikram.root.multipleimageselector.R$drawable: int tick_layout
com.vikram.root.multipleimageselector.R$drawable: int white_tick
com.vikram.root.multipleimageselector.R$id: int Board
com.vikram.root.multipleimageselector.R$id: int action_settings
com.vikram.root.multipleimageselector.R$id: int albumDetails
com.vikram.root.multipleimageselector.R$id: int albumGrid
com.vikram.root.multipleimageselector.R$id: int back
com.vikram.root.multipleimageselector.R$id: int button
com.vikram.root.multipleimageselector.R$id: int cellCountwe
com.vikram.root.multipleimageselector.R$id: int cellName
com.vikram.root.multipleimageselector.R$id: int chkBox
com.vikram.root.multipleimageselector.R$id: int custom_dialog_title_bar
com.vikram.root.multipleimageselector.R$id: int dialogTitle
com.vikram.root.multipleimageselector.R$id: int done
com.vikram.root.multipleimageselector.R$id: int dropDownListInfoType
com.vikram.root.multipleimageselector.R$id: int footer_accept
com.vikram.root.multipleimageselector.R$id: int fragment_container
com.vikram.root.multipleimageselector.R$id: int horizontal_scroll
com.vikram.root.multipleimageselector.R$id: int imageAndTagPager
com.vikram.root.multipleimageselector.R$id: int imageBig
com.vikram.root.multipleimageselector.R$id: int imageGrid
com.vikram.root.multipleimageselector.R$id: int imageView1
com.vikram.root.multipleimageselector.R$id: int image_add_thumbnail_layout
com.vikram.root.multipleimageselector.R$id: int image_add_thumbnail_layout2
com.vikram.root.multipleimageselector.R$id: int image_thumbnail_add_photos
...
android.support.v4.app.BackStackState: android.os.Parcelable$Creator CREATOR
android.support.v4.app.Fragment$SavedState: android.os.Parcelable$Creator CREATOR
android.support.v4.app.FragmentActivity: FragmentActivity()
android.support.v4.app.FragmentManagerState: android.os.Parcelable$Creator CREATOR
android.support.v4.app.FragmentState: android.os.Parcelable$Creator CREATOR
android.support.v4.app.FragmentTabHost: void setOnTabChangedListener(android.widget.TabHost$OnTabChangeListener)
android.support.v4.app.FragmentTabHost$SavedState: android.os.Parcelable$Creator CREATOR
android.support.v4.content.ModernAsyncTask$Status: android.support.v4.content.ModernAsyncTask$Status[] values()
android.support.v4.content.ModernAsyncTask$Status: android.support.v4.content.ModernAsyncTask$Status valueOf(java.lang.String)
android.support.v4.media.MediaDescriptionCompat: android.os.Parcelable$Creator CREATOR
android.support.v4.media.MediaMetadataCompat: android.os.Parcelable$Creator CREATOR
android.support.v4.media.RatingCompat: android.os.Parcelable$Creator CREATOR
android.support.v4.media.session.MediaSessionCompat$QueueItem: android.os.Parcelable$Creator CREATOR
android.support.v4.media.session.MediaSessionCompat$ResultReceiverWrapper: android.os.Parcelable$Creator CREATOR
android.support.v4.media.session.MediaSessionCompat$Token: android.os.Parcelable$Creator CREATOR
android.support.v4.media.session.ParcelableVolumeInfo: android.os.Parcelable$Creator CREATOR
android.support.v4.media.session.PlaybackStateCompat: android.os.Parcelable$Creator CREATOR
android.support.v4.media.session.PlaybackStateCompat$CustomAction: android.os.Parcelable$Creator CREATOR
android.support.v4.view.PagerTabStrip: void setTabIndicatorColor(int)
android.support.v4.view.PagerTabStrip: void setTabIndicatorColorResource(int)
android.support.v4.view.PagerTabStrip: int getTabIndicatorColor()
android.support.v4.view.PagerTabStrip: void setTextSpacing(int)
android.support.v4.view.PagerTabStrip: void setBackgroundDrawable(android.graphics.drawable.Drawable)
android.support.v4.view.PagerTabStrip: void setBackgroundColor(int)
android.support.v4.view.PagerTabStrip: void setBackgroundResource(int)
android.support.v4.view.PagerTabStrip: void setDrawFullUnderline(boolean)
android.support.v4.view.PagerTabStrip: boolean getDrawFullUnderline()
android.support.v4.view.PagerTabStrip: int getMinHeight()
android.support.v4.view.PagerTitleStrip: void setSingleLineAllCaps(android.widget.TextView)
android.support.v4.view.PagerTitleStrip: void setTextSpacing(int)
android.support.v4.view.PagerTitleStrip: int getTextSpacing()
android.support.v4.view.PagerTitleStrip: void setNonPrimaryAlpha(float)
android.support.v4.view.PagerTitleStrip: void setTextColor(int)
android.support.v4.view.PagerTitleStrip: void setGravity(int)
android.support.v4.view.PagerTitleStrip: int getMinHeight()