app/build/outputs/mapping/release/mapping.txt
com.vikram.root.multipleimageselector.Adapters.ImageCursorAdapter -> com.vikram.root.multipleimageselector.a.a:
    java.util.ArrayList mSelectedImagesArray -> a
    android.content.Context mContext -> b
    int mScreenWidth -> c
    boolean isAlbum -> d
    boolean multipleSelectionMode -> e
    android.graphics.Point mSize -> f
    android.support.v4.util.LruCache mBlurredMemoryCache -> g
    void setSize(android.graphics.Point) -> a
    android.view.View newView(android.content.Context,android.database.Cursor,android.view.ViewGroup) -> newView
    void bindView(android.view.View,android.content.Context,android.database.Cursor) -> bindView
    boolean getMultipleSelectionMode() -> a
    void setMultipleSelectionMode(boolean) -> a
    void setMemoryCache() -> b
    void addBitmapToMemoryCache(java.lang.String,android.graphics.Bitmap,boolean) -> a
    android.graphics.Bitmap getBlurredBitmapFromMemCache(java.lang.String) -> a
    void loadBitmap(java.lang.String,android.widget.ImageView,java.lang.String) -> a
    android.graphics.Bitmap scaleDown(android.graphics.Bitmap,float,boolean) -> a
com.vikram.root.multipleimageselector.Adapters.ImageCursorAdapter$1 -> com.vikram.root.multipleimageselector.a.b:
    com.vikram.root.multipleimageselector.Adapters.ImageCursorAdapter this$0 -> a
    int sizeOf(java.lang.String,android.graphics.Bitmap) -> a
    int sizeOf(java.lang.Object,java.lang.Object) -> b
com.vikram.root.multipleimageselector.Adapters.ImageCursorAdapter$2 -> com.vikram.root.multipleimageselector.a.c:
    java.lang.String val$imageKey -> b
    com.vikram.root.multipleimageselector.Adapters.ImageCursorAdapter this$0 -> c
    void onResourceReady(android.graphics.Bitmap,com.bumptech.glide.request.animation.GlideAnimation) -> a
    void onResourceReady(java.lang.Object,com.bumptech.glide.request.animation.GlideAnimation) -> a
com.vikram.root.multipleimageselector.Adapters.ImageCursorAdapter$ViewHolder -> com.vikram.root.multipleimageselector.a.d:
    android.widget.RelativeLayout cbox -> a
    android.widget.ImageView image -> b
    android.widget.TextView mName -> c
    android.widget.TextView mCount -> d
com.vikram.root.multipleimageselector.Adapters.ReviewSelectionPagerAdapter -> com.vikram.root.multipleimageselector.a.e:
    android.content.Context mContext -> a
    java.util.ArrayList mSelectedImages -> b
    java.lang.Object instantiateItem(android.view.ViewGroup,int) -> a
    int getCount() -> a
    boolean isViewFromObject(android.view.View,java.lang.Object) -> a
    void destroyItem(android.view.ViewGroup,int,java.lang.Object) -> a
...
com.bumptech.glide.load.engine.bitmap_recycle.SizeConfigStrategy -> com.a.a.d.b.a.o:
    android.graphics.Bitmap$Config[] ARGB_8888_IN_CONFIGS -> a
    android.graphics.Bitmap$Config[] RGB_565_IN_CONFIGS -> b
    android.graphics.Bitmap$Config[] ARGB_4444_IN_CONFIGS -> c
    android.graphics.Bitmap$Config[] ALPHA_8_IN_CONFIGS -> d
    com.bumptech.glide.load.engine.bitmap_recycle.SizeConfigStrategy$KeyPool keyPool -> e
    com.bumptech.glide.load.engine.bitmap_recycle.GroupedLinkedMap groupedMap -> f
    java.util.Map sortedSizes -> g
    void put(android.graphics.Bitmap) -> a
    android.graphics.Bitmap get(int,int,android.graphics.Bitmap$Config) -> a
    com.bumptech.glide.load.engine.bitmap_recycle.SizeConfigStrategy$Key findBestKey(com.bumptech.glide.load.engine.bitmap_recycle.SizeConfigStrategy$Key,int,android.graphics.Bitmap$Config) -> a
    android.graphics.Bitmap removeLast() -> a
    void decrementBitmapOfSize(java.lang.Integer,android.graphics.Bitmap$Config) -> a
    java.util.NavigableMap getSizesForConfig(android.graphics.Bitmap$Config) -> a
    java.lang.String logBitmap(android.graphics.Bitmap) -> b
    java.lang.String logBitmap(int,int,android.graphics.Bitmap$Config) -> b
    int getSize(android.graphics.Bitmap) -> c
    java.lang.String toString() -> toString
    java.lang.String getBitmapString(int,android.graphics.Bitmap$Config) -> b
    android.graphics.Bitmap$Config[] getInConfigs(android.graphics.Bitmap$Config) -> b
com.bumptech.glide.load.engine.bitmap_recycle.SizeConfigStrategy$1 -> com.a.a.d.b.a.p:
    int[] $SwitchMap$android$graphics$Bitmap$Config -> a
com.bumptech.glide.load.engine.bitmap_recycle.SizeConfigStrategy$Key -> com.a.a.d.b.a.q:
    com.bumptech.glide.load.engine.bitmap_recycle.SizeConfigStrategy$KeyPool pool -> a
    int size -> b
    android.graphics.Bitmap$Config config -> c
    void init(int,android.graphics.Bitmap$Config) -> a
    void offer() -> a
    java.lang.String toString() -> toString
    boolean equals(java.lang.Object) -> equals
    int hashCode() -> hashCode
    int access$000(com.bumptech.glide.load.engine.bitmap_recycle.SizeConfigStrategy$Key) -> a
com.bumptech.glide.load.engine.bitmap_recycle.SizeConfigStrategy$KeyPool -> com.a.a.d.b.a.r:
    com.bumptech.glide.load.engine.bitmap_recycle.SizeConfigStrategy$Key get(int,android.graphics.Bitmap$Config) -> a
    com.bumptech.glide.load.engine.bitmap_recycle.SizeConfigStrategy$Key create() -> a
    com.bumptech.glide.load.engine.bitmap_recycle.Poolable create() -> b
com.bumptech.glide.load.engine.cache.DiskCache -> com.a.a.d.b.b.a:
    java.io.File get(com.bumptech.glide.load.Key) -> a
    void put(com.bumptech.glide.load.Key,com.bumptech.glide.load.engine.cache.DiskCache$Writer) -> a
    void delete(com.bumptech.glide.load.Key) -> b
com.bumptech.glide.load.engine.cache.DiskCache$Factory -> com.a.a.d.b.b.b:
    com.bumptech.glide.load.engine.cache.DiskCache build() -> a
com.bumptech.glide.load.engine.cache.DiskCache$Writer -> com.a.a.d.b.b.c:
    boolean write(java.io.File) -> a
com.bumptech.glide.load.engine.cache.DiskCacheAdapter -> com.a.a.d.b.b.d:
    java.io.File get(com.bumptech.glide.load.Key) -> a
    void put(com.bumptech.glide.load.Key,com.bumptech.glide.load.engine.cache.DiskCache$Writer) -> a
    void delete(com.bumptech.glide.load.Key) -> b