app/build/outputs/mapping/release/usage.txt
com.vikram.root.multipleimageselector.Adapters.ImageCursorAdapter:
    60:60:public android.graphics.Point getSize()
com.vikram.root.multipleimageselector.BuildConfig
com.vikram.root.multipleimageselector.Constants.Constants
com.vikram.root.multipleimageselector.Fragments.AlbumContentsFragment:
    54:54:public boolean isSingleSelected()
    264:267:public void multiSelectOn()
com.vikram.root.multipleimageselector.Fragments.AlbumFragment:
    private static final java.lang.String BUCKET_GROUP_BY
    private static final java.lang.String BUCKET_ORDER_BY
    139:176:public android.database.Cursor getAlbumNames()
com.vikram.root.multipleimageselector.Fragments.ReviewSelectionFragment:
    62:63:public com.vikram.root.multipleimageselector.Fragments.ReviewSelectionFragment newInstance()
com.vikram.root.multipleimageselector.Fragments.ReviewSelectionFragment$AddMoreImagesSelected:
    public abstract void addMoreImagesSelected()
com.vikram.root.multipleimageselector.Models.ImageModel:
    28:29:public void setPath(java.lang.String)
    32:33:public void setId(java.lang.String)
com.vikram.root.multipleimageselector.PageTransformers.DepthPageTransformer
com.vikram.root.multipleimageselector.PageTransformers.ZoomOutPageTransformer:
    private static final float MIN_SCALE
    private static final float MIN_ALPHA
com.vikram.root.multipleimageselector.PhotoUploadActivty:
    139:149:public void addMoreImagesSelected()
    204:214:private void makeColorTransition(int,int,android.view.View)
    26:26:static synthetic android.view.View access$000(com.vikram.root.multipleimageselector.PhotoUploadActivty)
com.vikram.root.multipleimageselector.PhotoUploadActivty$1
com.vikram.root.multipleimageselector.PhotoUploadActivty$BackPressedCallback:
    public abstract void multiSelectOn()
com.vikram.root.multipleimageselector.R
com.vikram.root.multipleimageselector.R$anim
com.vikram.root.multipleimageselector.R$attr
com.vikram.root.multipleimageselector.R$color
com.vikram.root.multipleimageselector.R$dimen
com.vikram.root.multipleimageselector.R$drawable
com.vikram.root.multipleimageselector.R$id
com.vikram.root.multipleimageselector.R$layout
com.vikram.root.multipleimageselector.R$menu
com.vikram.root.multipleimageselector.R$mipmap
com.vikram.root.multipleimageselector.R$string
com.vikram.root.multipleimageselector.R$style
com.vikram.root.multipleimageselector.SingleSelection
com.vikram.root.multipleimageselector.SingleSelection$1
com.vikram.root.multipleimageselector.SquareImageView
com.vikram.root.multipleimageselector.Utils.ImageUtils:
    9:9:public ImageUtils()
...
android.support.v4.widget.DrawerLayout$ViewDragCallback$1
android.support.v4.widget.DrawerLayoutCompatApi21
android.support.v4.widget.DrawerLayoutCompatApi21$InsetsListener
android.support.v4.widget.DrawerLayoutImpl
android.support.v4.widget.EdgeEffectCompat:
    213:213:public boolean onPull(float,float)
    240:240:public boolean onAbsorb(int)
android.support.v4.widget.EdgeEffectCompat$BaseEdgeEffectImpl:
    85:85:public boolean onAbsorb(java.lang.Object,int)
    93:93:public boolean onPull(java.lang.Object,float,float)
android.support.v4.widget.EdgeEffectCompat$EdgeEffectIcsImpl:
    123:123:public boolean onAbsorb(java.lang.Object,int)
    131:131:public boolean onPull(java.lang.Object,float,float)
android.support.v4.widget.EdgeEffectCompat$EdgeEffectImpl:
    public abstract boolean onAbsorb(java.lang.Object,int)
    public abstract boolean onPull(java.lang.Object,float,float)
android.support.v4.widget.EdgeEffectCompat$EdgeEffectLollipopImpl:
    137:137:public boolean onPull(java.lang.Object,float,float)
android.support.v4.widget.EdgeEffectCompatIcs:
    28:28:EdgeEffectCompatIcs()
    57:58:public static boolean onAbsorb(java.lang.Object,int)
android.support.v4.widget.EdgeEffectCompatLollipop
android.support.v4.widget.ExploreByTouchHelper
android.support.v4.widget.ExploreByTouchHelper$1
android.support.v4.widget.ExploreByTouchHelper$ExploreByTouchNodeProvider
android.support.v4.widget.ListPopupWindowCompat
android.support.v4.widget.ListPopupWindowCompat$BaseListPopupWindowImpl
android.support.v4.widget.ListPopupWindowCompat$KitKatListPopupWindowImpl
android.support.v4.widget.ListPopupWindowCompat$ListPopupWindowImpl
android.support.v4.widget.ListPopupWindowCompatKitKat
android.support.v4.widget.ListViewAutoScrollHelper
android.support.v4.widget.MaterialProgressDrawable
android.support.v4.widget.MaterialProgressDrawable$1
android.support.v4.widget.MaterialProgressDrawable$2
android.support.v4.widget.MaterialProgressDrawable$3
android.support.v4.widget.MaterialProgressDrawable$ProgressDrawableSize
android.support.v4.widget.MaterialProgressDrawable$Ring
android.support.v4.widget.NestedScrollView
android.support.v4.widget.NestedScrollView$AccessibilityDelegate
android.support.v4.widget.NestedScrollView$SavedState
android.support.v4.widget.NestedScrollView$SavedState$1
android.support.v4.widget.PopupMenuCompat
android.support.v4.widget.PopupMenuCompat$BasePopupMenuImpl
android.support.v4.widget.PopupMenuCompat$KitKatPopupMenuImpl
android.support.v4.widget.PopupMenuCompat$PopupMenuImpl
android.support.v4.widget.PopupMenuCompatKitKat
android.support.v4.widget.PopupWindowCompat
android.support.v4.widget.PopupWindowCompat$BasePopupWindowImpl
android.support.v4.widget.PopupWindowCompat$KitKatPopupWindowImpl
android.support.v4.widget.PopupWindowCompat$PopupWindowImpl
android.support.v4.widget.PopupWindowCompatKitKat
android.support.v4.widget.ResourceCursorAdapter
android.support.v4.widget.ScrollerCompat
android.support.v4.widget.ScrollerCompat$ScrollerCompatImpl
android.support.v4.widget.ScrollerCompat$ScrollerCompatImplBase
android.support.v4.widget.ScrollerCompat$ScrollerCompatImplGingerbread
android.support.v4.widget.ScrollerCompat$ScrollerCompatImplIcs
android.support.v4.widget.ScrollerCompatGingerbread
android.support.v4.widget.ScrollerCompatIcs
android.support.v4.widget.SearchViewCompat
android.support.v4.widget.SearchViewCompat$OnCloseListenerCompat
android.support.v4.widget.SearchViewCompat$OnQueryTextListenerCompat
android.support.v4.widget.SearchViewCompat$SearchViewCompatHoneycombImpl
android.support.v4.widget.SearchViewCompat$SearchViewCompatHoneycombImpl$1
android.support.v4.widget.SearchViewCompat$SearchViewCompatHoneycombImpl$2
android.support.v4.widget.SearchViewCompat$SearchViewCompatIcsImpl
android.support.v4.widget.SearchViewCompat$SearchViewCompatImpl
android.support.v4.widget.SearchViewCompat$SearchViewCompatStubImpl
android.support.v4.widget.SearchViewCompatHoneycomb